{
  "stats": {
    "suites": 12,
    "tests": 18,
    "passes": 17,
    "pending": 0,
    "failures": 1,
    "start": "2023-01-25T13:19:07.929Z",
    "end": "2023-01-25T13:19:22.907Z",
    "duration": 14978,
    "testsRegistered": 18,
    "passPercent": 94.44444444444444,
    "pendingPercent": 0,
    "other": 0,
    "hasOther": false,
    "skipped": 0,
    "hasSkipped": false
  },
  "results": [
    {
      "uuid": "cadba8cc-1a6e-4ae5-8b77-ba22617d726b",
      "title": "",
      "fullFile": "cypress/e2e/project.cy.js",
      "file": "cypress/e2e/project.cy.js",
      "beforeHooks": [],
      "afterHooks": [],
      "tests": [],
      "suites": [
        {
          "uuid": "620ea055-e4e9-48dc-be71-3a112e929721",
          "title": "Shopping Cart Project",
          "fullFile": "",
          "file": "",
          "beforeHooks": [],
          "afterHooks": [],
          "tests": [],
          "suites": [
            {
              "uuid": "fd795015-6ba5-4a1f-abf5-cd915ab1e3f9",
              "title": "1 - Desenvolva testes para atingir cobertura de 50% das funções e linhas do arquivo fetchFunctions",
              "fullFile": "",
              "file": "",
              "beforeHooks": [],
              "afterHooks": [],
              "tests": [
                {
                  "title": "Verifica a cobertura de testes unitários",
                  "fullTitle": "Shopping Cart Project 1 - Desenvolva testes para atingir cobertura de 50% das funções e linhas do arquivo fetchFunctions Verifica a cobertura de testes unitários",
                  "timedOut": null,
                  "duration": 4269,
                  "state": "passed",
                  "speed": "fast",
                  "pass": true,
                  "fail": false,
                  "pending": false,
                  "context": null,
                  "code": "cy.getCoverage().its('fetchFunctions.functions.pct', {\n  timeout: 0\n}).should('be.gte', 50.00);\ncy.getCoverage().its('fetchFunctions.lines.pct', {\n  timeout: 0\n}).should('be.gte', 50.00);",
                  "err": {},
                  "uuid": "3686a7a9-25ba-4912-8a20-9a4aeeed5f13",
                  "parentUUID": "fd795015-6ba5-4a1f-abf5-cd915ab1e3f9",
                  "isHook": false,
                  "skipped": false
                }
              ],
              "suites": [],
              "passes": [
                "3686a7a9-25ba-4912-8a20-9a4aeeed5f13"
              ],
              "failures": [],
              "pending": [],
              "skipped": [],
              "duration": 4269,
              "root": false,
              "rootEmpty": false,
              "_timeout": 2000
            },
            {
              "uuid": "be0dc401-807b-49a3-99ce-dd70bf78900a",
              "title": "2 - Implemente a função fetchProductsList",
              "fullFile": "",
              "file": "",
              "beforeHooks": [],
              "afterHooks": [],
              "tests": [
                {
                  "title": "fetchProductsList retorna um erro quando não é passado nenhum parâmetro",
                  "fullTitle": "Shopping Cart Project 2 - Implemente a função fetchProductsList fetchProductsList retorna um erro quando não é passado nenhum parâmetro",
                  "timedOut": null,
                  "duration": 180,
                  "state": "passed",
                  "speed": "fast",
                  "pass": true,
                  "fail": false,
                  "pending": false,
                  "context": null,
                  "code": "try {\n  await fetchProductsList();\n  throw new Error('A função não retornou um erro');\n} catch (err) {\n  if (err.message === 'A função não retornou um erro') throw err;\n  expect(err.message).to.be.equal('Termo de busca não informado');\n}",
                  "err": {},
                  "uuid": "bc945f81-2e67-4688-b2d4-a0f2f6f62a8f",
                  "parentUUID": "be0dc401-807b-49a3-99ce-dd70bf78900a",
                  "isHook": false,
                  "skipped": false
                },
                {
                  "title": "fetch é chamado com o endpoint correto ao executar fetchProductsList",
                  "fullTitle": "Shopping Cart Project 2 - Implemente a função fetchProductsList fetch é chamado com o endpoint correto ao executar fetchProductsList",
                  "timedOut": null,
                  "duration": 143,
                  "state": "passed",
                  "speed": "fast",
                  "pass": true,
                  "fail": false,
                  "pending": false,
                  "context": null,
                  "code": "fetchProductsList('computador');\nexpect(fetch).to.be.calledWith('https://api.mercadolibre.com/sites/MLB/search?q=computador');",
                  "err": {},
                  "uuid": "b4862a5e-2c38-49cc-9bb9-70cab93dda64",
                  "parentUUID": "be0dc401-807b-49a3-99ce-dd70bf78900a",
                  "isHook": false,
                  "skipped": false
                },
                {
                  "title": "fetchProductsList retorna os results da API",
                  "fullTitle": "Shopping Cart Project 2 - Implemente a função fetchProductsList fetchProductsList retorna os results da API",
                  "timedOut": null,
                  "duration": 152,
                  "state": "passed",
                  "speed": "fast",
                  "pass": true,
                  "fail": false,
                  "pending": false,
                  "context": null,
                  "code": "cy.wrap(fetchProductsList('computador')).should('be.deep.equal', results);",
                  "err": {},
                  "uuid": "5b52cce4-b42a-4805-8985-92b8a4300656",
                  "parentUUID": "be0dc401-807b-49a3-99ce-dd70bf78900a",
                  "isHook": false,
                  "skipped": false
                }
              ],
              "suites": [],
              "passes": [
                "bc945f81-2e67-4688-b2d4-a0f2f6f62a8f",
                "b4862a5e-2c38-49cc-9bb9-70cab93dda64",
                "5b52cce4-b42a-4805-8985-92b8a4300656"
              ],
              "failures": [],
              "pending": [],
              "skipped": [],
              "duration": 475,
              "root": false,
              "rootEmpty": false,
              "_timeout": 2000
            },
            {
              "uuid": "41a90ed4-95cd-4616-898f-245adcb7896f",
              "title": "3 - Crie uma listagem de produtos",
              "fullFile": "",
              "file": "",
              "beforeHooks": [],
              "afterHooks": [],
              "tests": [
                {
                  "title": "Listagem de produtos",
                  "fullTitle": "Shopping Cart Project 3 - Crie uma listagem de produtos Listagem de produtos",
                  "timedOut": null,
                  "duration": 251,
                  "state": "passed",
                  "speed": "fast",
                  "pass": true,
                  "fail": false,
                  "pending": false,
                  "context": null,
                  "code": "cy.get(PRODUCT_SELECTOR).should('exist').should('have.length', results.length).get(PRODUCT_TITLE).each(($el, index) => {\n  expect($el.text()).to.be.equal(results[index].title);\n});",
                  "err": {},
                  "uuid": "eb659185-412a-455e-b771-00ecfdbcc568",
                  "parentUUID": "41a90ed4-95cd-4616-898f-245adcb7896f",
                  "isHook": false,
                  "skipped": false
                }
              ],
              "suites": [],
              "passes": [
                "eb659185-412a-455e-b771-00ecfdbcc568"
              ],
              "failures": [],
              "pending": [],
              "skipped": [],
              "duration": 251,
              "root": false,
              "rootEmpty": false,
              "_timeout": 2000
            },
            {
              "uuid": "3777f855-090c-482d-bcd1-fb89389480b1",
              "title": "4 - Adicione um texto de `carregando` durante uma requisição à API",
              "fullFile": "",
              "file": "",
              "beforeHooks": [],
              "afterHooks": [],
              "tests": [
                {
                  "title": "Adicionar um texto de \"carregando\" durante uma requisição à API",
                  "fullTitle": "Shopping Cart Project 4 - Adicione um texto de `carregando` durante uma requisição à API Adicionar um texto de \"carregando\" durante uma requisição à API",
                  "timedOut": null,
                  "duration": 3244,
                  "state": "passed",
                  "speed": "fast",
                  "pass": true,
                  "fail": false,
                  "pending": false,
                  "context": null,
                  "code": "cy.visit(PROJECT_URL, {\n  onBeforeLoad(win) {\n    win.fetch = url => new Promise(resolve => {\n      setTimeout(() => {\n        fetchMock(url).then(resolve);\n      }, 1000);\n    });\n  }\n});\ncy.get(LOADING).should('be.visible').wait(3000);\ncy.get(LOADING).should('not.exist');",
                  "err": {},
                  "uuid": "a3ac17ad-98d0-48f6-a937-c13af72167a8",
                  "parentUUID": "3777f855-090c-482d-bcd1-fb89389480b1",
                  "isHook": false,
                  "skipped": false
                }
              ],
              "suites": [],
              "passes": [
                "a3ac17ad-98d0-48f6-a937-c13af72167a8"
              ],
              "failures": [],
              "pending": [],
              "skipped": [],
              "duration": 3244,
              "root": false,
              "rootEmpty": false,
              "_timeout": 2000
            },
            {
              "uuid": "f49e5718-7c68-4617-ab2e-e5af6d6e37e1",
              "title": "5 - Exiba um texto de `erro` caso a requisição à API falhe",
              "fullFile": "",
              "file": "",
              "beforeHooks": [],
              "afterHooks": [],
              "tests": [
                {
                  "title": "O texto não deve ser exibido caso a requisição à API seja bem sucedida",
                  "fullTitle": "Shopping Cart Project 5 - Exiba um texto de `erro` caso a requisição à API falhe O texto não deve ser exibido caso a requisição à API seja bem sucedida",
                  "timedOut": null,
                  "duration": 159,
                  "state": "passed",
                  "speed": "fast",
                  "pass": true,
                  "fail": false,
                  "pending": false,
                  "context": null,
                  "code": "cy.get(ERRO).should('not.exist');",
                  "err": {},
                  "uuid": "476a447f-7e08-4178-b2a8-7004e4001b43",
                  "parentUUID": "f49e5718-7c68-4617-ab2e-e5af6d6e37e1",
                  "isHook": false,
                  "skipped": false
                },
                {
                  "title": "Exibir um texto de \"erro\" caso a requisição à API falhe",
                  "fullTitle": "Shopping Cart Project 5 - Exiba um texto de `erro` caso a requisição à API falhe Exibir um texto de \"erro\" caso a requisição à API falhe",
                  "timedOut": null,
                  "duration": 200,
                  "state": "passed",
                  "speed": "fast",
                  "pass": true,
                  "fail": false,
                  "pending": false,
                  "context": null,
                  "code": "cy.visit(PROJECT_URL, {\n  onBeforeLoad(win) {\n    win.fetch.callsFake(() => Promise.reject(new Error('API is down')));\n  }\n});\ncy.get(ERRO).should('be.visible');",
                  "err": {},
                  "uuid": "db85a3c3-ae80-43b7-8ed7-a09d99230576",
                  "parentUUID": "f49e5718-7c68-4617-ab2e-e5af6d6e37e1",
                  "isHook": false,
                  "skipped": false
                }
              ],
              "suites": [],
              "passes": [
                "476a447f-7e08-4178-b2a8-7004e4001b43",
                "db85a3c3-ae80-43b7-8ed7-a09d99230576"
              ],
              "failures": [],
              "pending": [],
              "skipped": [],
              "duration": 359,
              "root": false,
              "rootEmpty": false,
              "_timeout": 2000
            },
            {
              "uuid": "86fbb899-bdb9-4a72-b473-43f67bfd130e",
              "title": "6 - Desenvolva testes para atingir cobertura de 100% das funções e linhas do arquivo fetchFunctions",
              "fullFile": "",
              "file": "",
              "beforeHooks": [],
              "afterHooks": [],
              "tests": [
                {
                  "title": "Verifica a cobertura de testes unitários",
                  "fullTitle": "Shopping Cart Project 6 - Desenvolva testes para atingir cobertura de 100% das funções e linhas do arquivo fetchFunctions Verifica a cobertura de testes unitários",
                  "timedOut": null,
                  "duration": 190,
                  "state": "passed",
                  "speed": "fast",
                  "pass": true,
                  "fail": false,
                  "pending": false,
                  "context": null,
                  "code": "cy.getCoverage().its('fetchFunctions.functions.pct', {\n  timeout: 0\n}).should('be.gte', 100.00);\ncy.getCoverage().its('fetchFunctions.lines.pct', {\n  timeout: 0\n}).should('be.gte', 100.00);",
                  "err": {},
                  "uuid": "f096b742-5df7-4deb-bdcc-df2ddc5d0a9d",
                  "parentUUID": "86fbb899-bdb9-4a72-b473-43f67bfd130e",
                  "isHook": false,
                  "skipped": false
                }
              ],
              "suites": [],
              "passes": [
                "f096b742-5df7-4deb-bdcc-df2ddc5d0a9d"
              ],
              "failures": [],
              "pending": [],
              "skipped": [],
              "duration": 190,
              "root": false,
              "rootEmpty": false,
              "_timeout": 2000
            },
            {
              "uuid": "108354ef-1e2a-46d9-be73-1d9ed0c4e553",
              "title": "7 - Implemente a função `fetchProduct`",
              "fullFile": "",
              "file": "",
              "beforeHooks": [],
              "afterHooks": [],
              "tests": [
                {
                  "title": "fetchProduct retorna um erro quando não é passado nenhum parâmetro",
                  "fullTitle": "Shopping Cart Project 7 - Implemente a função `fetchProduct` fetchProduct retorna um erro quando não é passado nenhum parâmetro",
                  "timedOut": null,
                  "duration": 167,
                  "state": "passed",
                  "speed": "fast",
                  "pass": true,
                  "fail": false,
                  "pending": false,
                  "context": null,
                  "code": "fetchProduct().then(() => done(new Error('A função não retornou um erro'))).catch(err => {\n  expect(err.message).to.be.equal('ID não informado');\n  done();\n});",
                  "err": {},
                  "uuid": "a861cd6a-b6ff-4113-b892-3570c8604993",
                  "parentUUID": "108354ef-1e2a-46d9-be73-1d9ed0c4e553",
                  "isHook": false,
                  "skipped": false
                },
                {
                  "title": "fetch é chamado com o endpoint correto ao executar fetchProduct",
                  "fullTitle": "Shopping Cart Project 7 - Implemente a função `fetchProduct` fetch é chamado com o endpoint correto ao executar fetchProduct",
                  "timedOut": null,
                  "duration": 146,
                  "state": "passed",
                  "speed": "fast",
                  "pass": true,
                  "fail": false,
                  "pending": false,
                  "context": null,
                  "code": "fetchProduct('MLB1405519561');\nexpect(fetch).to.be.calledWith('https://api.mercadolibre.com/items/MLB1405519561');",
                  "err": {},
                  "uuid": "ed0f6c44-7086-4c40-ab4d-9210e24b4903",
                  "parentUUID": "108354ef-1e2a-46d9-be73-1d9ed0c4e553",
                  "isHook": false,
                  "skipped": false
                },
                {
                  "title": "fetchProduct retorna os dados do produto",
                  "fullTitle": "Shopping Cart Project 7 - Implemente a função `fetchProduct` fetchProduct retorna os dados do produto",
                  "timedOut": null,
                  "duration": 151,
                  "state": "passed",
                  "speed": "fast",
                  "pass": true,
                  "fail": false,
                  "pending": false,
                  "context": null,
                  "code": "const expectedResult = results.find(({\n  id\n}) => id === 'MLB1405519561');\ncy.wrap(fetchProduct('MLB1405519561')).should('be.deep.equal', _objectSpread(_objectSpread({}, expectedResult), {}, {\n  pictures\n}));",
                  "err": {},
                  "uuid": "e80f2c22-178b-475e-9d66-df1bbd792b32",
                  "parentUUID": "108354ef-1e2a-46d9-be73-1d9ed0c4e553",
                  "isHook": false,
                  "skipped": false
                }
              ],
              "suites": [],
              "passes": [
                "a861cd6a-b6ff-4113-b892-3570c8604993",
                "ed0f6c44-7086-4c40-ab4d-9210e24b4903",
                "e80f2c22-178b-475e-9d66-df1bbd792b32"
              ],
              "failures": [],
              "pending": [],
              "skipped": [],
              "duration": 464,
              "root": false,
              "rootEmpty": false,
              "_timeout": 2000
            },
            {
              "uuid": "ac2e1fa5-fc4f-4f1b-87b2-5edf06395558",
              "title": "8 - Adicione o produto ao carrinho de compras",
              "fullFile": "",
              "file": "",
              "beforeHooks": [],
              "afterHooks": [],
              "tests": [
                {
                  "title": "Adicione o produto ao carrinho de compras",
                  "fullTitle": "Shopping Cart Project 8 - Adicione o produto ao carrinho de compras Adicione o produto ao carrinho de compras",
                  "timedOut": null,
                  "duration": 1340,
                  "state": "passed",
                  "speed": "fast",
                  "pass": true,
                  "fail": false,
                  "pending": false,
                  "context": null,
                  "code": "cy.wait(1000);\naddToCart(36);\ncountCart(1);\ncy.get(CART_PRODUCTS).children().first().should('contain', results[36].title);",
                  "err": {},
                  "uuid": "31f88e98-b5c4-4d42-b817-6e6ecd3fe921",
                  "parentUUID": "ac2e1fa5-fc4f-4f1b-87b2-5edf06395558",
                  "isHook": false,
                  "skipped": false
                }
              ],
              "suites": [],
              "passes": [
                "31f88e98-b5c4-4d42-b817-6e6ecd3fe921"
              ],
              "failures": [],
              "pending": [],
              "skipped": [],
              "duration": 1340,
              "root": false,
              "rootEmpty": false,
              "_timeout": 2000
            },
            {
              "uuid": "4bf7c11f-7966-4b96-89e4-40d22af2faf9",
              "title": "9 - Carregue o carrinho de compras através do **LocalStorage** ao iniciar a página",
              "fullFile": "",
              "file": "",
              "beforeHooks": [],
              "afterHooks": [],
              "tests": [
                {
                  "title": "Carregue o carrinho de compras através do **LocalStorage** ao iniciar a página",
                  "fullTitle": "Shopping Cart Project 9 - Carregue o carrinho de compras através do **LocalStorage** ao iniciar a página Carregue o carrinho de compras através do **LocalStorage** ao iniciar a página",
                  "timedOut": null,
                  "duration": 509,
                  "state": "passed",
                  "speed": "fast",
                  "pass": true,
                  "fail": false,
                  "pending": false,
                  "context": null,
                  "code": "const first = 36;\nconst last = 29;\naddToCart(first);\ncountCart(1);\ncy.get(CART_PRODUCTS).children().first().should('contain', results[36].title);\naddToCart(last);\ncountCart(2);\ncy.get(CART_PRODUCTS).children().last().should('contain', results[29].title);\ncy.reload();\ncy.get(CART_PRODUCTS).children().first().should('contain', results[36].title);\ncy.get(CART_PRODUCTS).children().last().should('contain', results[29].title);\ncountCart(2);",
                  "err": {},
                  "uuid": "d07e29ff-d89c-4468-8906-a830016e173f",
                  "parentUUID": "4bf7c11f-7966-4b96-89e4-40d22af2faf9",
                  "isHook": false,
                  "skipped": false
                }
              ],
              "suites": [],
              "passes": [
                "d07e29ff-d89c-4468-8906-a830016e173f"
              ],
              "failures": [],
              "pending": [],
              "skipped": [],
              "duration": 509,
              "root": false,
              "rootEmpty": false,
              "_timeout": 2000
            },
            {
              "uuid": "e1858ca0-1937-4b3f-b52c-a82fd8d5b10f",
              "title": "10 - Calcule o valor total dos itens do carrinho de compras de forma assíncrona",
              "fullFile": "",
              "file": "",
              "beforeHooks": [],
              "afterHooks": [],
              "tests": [
                {
                  "title": "Calcule o valor total dos itens do carrinho de compras de forma assíncrona",
                  "fullTitle": "Shopping Cart Project 10 - Calcule o valor total dos itens do carrinho de compras de forma assíncrona Calcule o valor total dos itens do carrinho de compras de forma assíncrona",
                  "timedOut": null,
                  "duration": 743,
                  "state": "passed",
                  "speed": "fast",
                  "pass": true,
                  "fail": false,
                  "pending": false,
                  "context": null,
                  "code": "addToCart(5);\ncheckPrice(results, [5]);\naddToCart(42);\ncheckPrice(results, [5, 42]);\naddToCart(36);\ncheckPrice(results, [5, 42, 36]);\naddToCart(15);\ncheckPrice(results, [5, 42, 36, 15]);\ncy.get(CART_PRODUCTS).children().eq(1).click();\ncheckPrice(results, [5, 36, 15]);",
                  "err": {},
                  "uuid": "7fcc798d-f43e-432e-bf8f-17822c11eabc",
                  "parentUUID": "e1858ca0-1937-4b3f-b52c-a82fd8d5b10f",
                  "isHook": false,
                  "skipped": false
                },
                {
                  "title": "Ao atualizar a página, o carrinho deve continuar o mesmo",
                  "fullTitle": "Shopping Cart Project 10 - Calcule o valor total dos itens do carrinho de compras de forma assíncrona Ao atualizar a página, o carrinho deve continuar o mesmo",
                  "timedOut": null,
                  "duration": 619,
                  "state": "passed",
                  "speed": "fast",
                  "pass": true,
                  "fail": false,
                  "pending": false,
                  "context": null,
                  "code": "addToCart(15);\ncheckPrice(results, [15]);\naddToCart(45);\ncheckPrice(results, [15, 45]);\ncy.reload();\ncheckPrice(results, [15, 45]);\ncy.get(CART_PRODUCTS).children().first().click();\ncheckPrice(results, [45]);\ncy.reload();\ncheckPrice(results, [45]);",
                  "err": {},
                  "uuid": "98a4b8f2-12f3-4d20-80a0-d282db3eef82",
                  "parentUUID": "e1858ca0-1937-4b3f-b52c-a82fd8d5b10f",
                  "isHook": false,
                  "skipped": false
                }
              ],
              "suites": [],
              "passes": [
                "7fcc798d-f43e-432e-bf8f-17822c11eabc",
                "98a4b8f2-12f3-4d20-80a0-d282db3eef82"
              ],
              "failures": [],
              "pending": [],
              "skipped": [],
              "duration": 1362,
              "root": false,
              "rootEmpty": false,
              "_timeout": 2000
            },
            {
              "uuid": "9e402dc9-979a-4517-8056-79d307b0bf42",
              "title": "11 - Implemente a função `getAddress`",
              "fullFile": "",
              "file": "",
              "beforeHooks": [],
              "afterHooks": [],
              "tests": [
                {
                  "title": "Verifica se o endereço é exibido após o CEP ser digitado",
                  "fullTitle": "Shopping Cart Project 11 - Implemente a função `getAddress` Verifica se o endereço é exibido após o CEP ser digitado",
                  "timedOut": null,
                  "duration": 596,
                  "state": "passed",
                  "speed": "fast",
                  "pass": true,
                  "fail": false,
                  "pending": false,
                  "context": null,
                  "code": "cy.visit(PROJECT_URL, {\n  onBeforeLoad(win) {\n    cy.spy(win.Promise, 'any');\n  }\n});\ncy.get(CEP_INPUT).type('01001000');\ncy.get(CEP_BUTTON).click();\ncy.get(ADDRESS_TEXT).should('have.text', 'Praça da Sé - Sé - São Paulo - SP');\ncy.window().its('Promise.any').should('be.called');",
                  "err": {},
                  "uuid": "9baa0bbc-b718-42b2-84ab-59af8cf6cf6e",
                  "parentUUID": "9e402dc9-979a-4517-8056-79d307b0bf42",
                  "isHook": false,
                  "skipped": false
                },
                {
                  "title": "Verifica se a mensagem `CEP não encontrado` é exibida caso o CEP não exista",
                  "fullTitle": "Shopping Cart Project 11 - Implemente a função `getAddress` Verifica se a mensagem `CEP não encontrado` é exibida caso o CEP não exista",
                  "timedOut": null,
                  "duration": 402,
                  "state": "failed",
                  "speed": null,
                  "pass": false,
                  "fail": true,
                  "pending": false,
                  "context": null,
                  "code": "cy.get(CEP_INPUT).type('00000000');\ncy.get(CEP_BUTTON).click();\ncy.get(ADDRESS_TEXT).should('have.text', 'CEP não encontrado');",
                  "err": {
                    "message": "Error: The following error originated from your application code, not from Cypress. It was caused by an unhandled promise rejection.\n\n  > URL não mapeada\n\nWhen Cypress detects uncaught errors originating from your application it will automatically fail the current test.\n\nThis behavior is configurable, and you can choose to turn this off by listening to the `uncaught:exception` event.\n\nhttps://on.cypress.io/uncaught-exception-from-application",
                    "estack": "Error: The following error originated from your application code, not from Cypress. It was caused by an unhandled promise rejection.\n\n  > URL não mapeada\n\nWhen Cypress detects uncaught errors originating from your application it will automatically fail the current test.\n\nThis behavior is configurable, and you can choose to turn this off by listening to the `uncaught:exception` event.\n\nhttps://on.cypress.io/uncaught-exception-from-application\n    at Object.json (http://localhost:5173/__cypress/tests?p=cypress/e2e/project.cy.js:8779:27)\n    at async HTMLButtonElement.<anonymous> (http://localhost:5173/src/helpers/cepFunctions.js?t=1674652736453:26:33)",
                    "diff": null
                  },
                  "uuid": "37ce5d6e-9935-47bd-912e-2f4e72f6019c",
                  "parentUUID": "9e402dc9-979a-4517-8056-79d307b0bf42",
                  "isHook": false,
                  "skipped": false
                }
              ],
              "suites": [],
              "passes": [
                "9baa0bbc-b718-42b2-84ab-59af8cf6cf6e"
              ],
              "failures": [
                "37ce5d6e-9935-47bd-912e-2f4e72f6019c"
              ],
              "pending": [],
              "skipped": [],
              "duration": 998,
              "root": false,
              "rootEmpty": false,
              "_timeout": 2000
            }
          ],
          "passes": [],
          "failures": [],
          "pending": [],
          "skipped": [],
          "duration": 0,
          "root": false,
          "rootEmpty": false,
          "_timeout": 2000
        }
      ],
      "passes": [],
      "failures": [],
      "pending": [],
      "skipped": [],
      "duration": 0,
      "root": true,
      "rootEmpty": true,
      "_timeout": 2000
    }
  ],
  "meta": {
    "mocha": {
      "version": "7.0.1"
    },
    "mochawesome": {
      "options": {
        "quiet": false,
        "reportFilename": "mochawesome",
        "saveHtml": false,
        "saveJson": true,
        "consoleReporter": "spec",
        "useInlineDiffs": false,
        "code": true
      },
      "version": "7.1.3"
    },
    "marge": {
      "options": {
        "id": "default",
        "reportDir": "cypress/reports",
        "overwrite": true,
        "html": false,
        "json": true
      },
      "version": "6.2.0"
    }
  }
}